
****** PlanAhead v13.4 (64-bit)
  **** Build 157570 by hdbuild on Fri Dec 16 12:49:33 MST 2011
    ** Copyright 1986-1999, 2001-2011 Xilinx, Inc. All Rights Reserved.

INFO: [Common-78] Attempting to get a license: PlanAhead
INFO: [Common-82] Got a license: PlanAhead
INFO: [Common-86] Your PlanAhead license expires in -1639 day(s)
INFO: [Device-25] Loading parts and site information from /usr/local/insa/Xilinx.ISE/13.4/ISE_DS/PlanAhead/parts/arch.xmlParsing RTL primitives file [/usr/local/insa/Xilinx.ISE/13.4/ISE_DS/PlanAhead/parts/xilinx/rtl/prims/rtl_prims.xml]
Finished parsing RTL primitives file [/usr/local/insa/Xilinx.ISE/13.4/ISE_DS/PlanAhead/parts/xilinx/rtl/prims/rtl_prims.xml]
start_gui
starting gui ...
source /home/arens/CompteurSynchrone/pa.fromNetlist.tcl
# create_project -name CompteurSynchrone -dir "/home/arens/CompteurSynchrone/planAhead_run_2" -part xc6slx16csg324-3
Parsing template File [/usr/local/insa/Xilinx.ISE/13.4/ISE_DS/ISE/data/projnav/templates/verilog.xml].
Finished parsing template File [/usr/local/insa/Xilinx.ISE/13.4/ISE_DS/ISE/data/projnav/templates/verilog.xml].
Parsing template File [/usr/local/insa/Xilinx.ISE/13.4/ISE_DS/ISE/data/projnav/templates/vhdl.xml].
Finished parsing template File [/usr/local/insa/Xilinx.ISE/13.4/ISE_DS/ISE/data/projnav/templates/vhdl.xml].
Parsing template File [/usr/local/insa/Xilinx.ISE/13.4/ISE_DS/ISE/data/projnav/templates/ucf.xml].
Finished parsing template File [/usr/local/insa/Xilinx.ISE/13.4/ISE_DS/ISE/data/projnav/templates/ucf.xml].
# set_property design_mode GateLvl [get_property srcset [current_run -impl]]
# set_property edif_top_file "/home/arens/CompteurSynchrone/Compteur8bitSynchrone.ngc" [ get_property srcset [ current_run ] ]
# add_files -norecurse { {/home/arens/CompteurSynchrone} }
# set_param project.pinAheadLayout  yes
# set_property target_constrs_file "Compteur8bitSynchrone.ucf" [current_fileset -constrset]
Adding file '/home/arens/CompteurSynchrone/Compteur8bitSynchrone.ucf' to fileset 'constrs_1'
# add_files [list {Compteur8bitSynchrone.ucf}] -fileset [get_property constrset [current_run]]
# open_netlist_design
Design is defaulting to srcset: sources_1
Design is defaulting to constrset: constrs_1
Design is defaulting to part: xc6slx16csg324-3
Release 13.4 - ngc2edif O.87xd (lin64)
Copyright (c) 1995-2011 Xilinx, Inc.  All rights reserved.

Release 13.4 - ngc2edif O.87xd (lin64)
Copyright (c) 1995-2011 Xilinx, Inc.  All rights reserved.
Reading design Compteur8bitSynchrone.ngc ...
WARNING:NetListWriters:298 - No output is written to Compteur8bitSynchrone.xncf,
   ignored.
Processing design ...
   Preping design's networks ...
   Preping design's macros ...
  finished :Prep
Writing EDIF netlist file Compteur8bitSynchrone.edif ...
ngc2edif: Total memory usage is 103276 kilobytes

Parsing EDIF File [./planAhead_run_2/CompteurSynchrone.data/cache/Compteur8bitSynchrone_ngc_b57494dc.edif]
Finished Parsing EDIF File [./planAhead_run_2/CompteurSynchrone.data/cache/Compteur8bitSynchrone_ngc_b57494dc.edif]
INFO: [Netlist-17] Analyzing 1 Unisim elements for replacement
INFO: [Netlist-28] Unisim Transformation completed in 0 CPU seconds
Loading clock regions from /usr/local/insa/Xilinx.ISE/13.4/ISE_DS/PlanAhead/parts/xilinx/spartan6/spartan6lx/xc6slx16/ClockRegion.xml
Loading clock buffers from /usr/local/insa/Xilinx.ISE/13.4/ISE_DS/PlanAhead/parts/xilinx/spartan6/spartan6lx/xc6slx16/ClockBuffers.xml
Loading package pin functions from /usr/local/insa/Xilinx.ISE/13.4/ISE_DS/PlanAhead/parts/xilinx/spartan6/PinFunctions.xml...
Loading package from /usr/local/insa/Xilinx.ISE/13.4/ISE_DS/PlanAhead/parts/xilinx/spartan6/spartan6lx/xc6slx16/csg324/Package.xml
Loading io standards from /usr/local/insa/Xilinx.ISE/13.4/ISE_DS/PlanAhead/./parts/xilinx/spartan6/IOStandards.xml
Loading device configuration modes from /usr/local/insa/Xilinx.ISE/13.4/ISE_DS/PlanAhead/parts/xilinx/spartan6/ConfigModes.xml
Loading list of drcs for the architecture : /usr/local/insa/Xilinx.ISE/13.4/ISE_DS/PlanAhead/./parts/xilinx/spartan6/drc.xml
Parsing UCF File [/home/arens/CompteurSynchrone/Compteur8bitSynchrone.ucf]
Finished Parsing UCF File [/home/arens/CompteurSynchrone/Compteur8bitSynchrone.ucf]
INFO: [PlanAhead-566] Unisim Transformation Summary:
  A total of 1 instances were transformed.
  BUFGP => BUFGP (IBUFG, BUFG): 1 instances
open_netlist_design: Time (s): 11.510u 0.350s 8.930w. Memory (MB): 4600.168p 165.418g
startgroup
startgroup
set_property loc PAD27 [get_ports CK]
set_property loc PAD27 [get_ports CK]
endgroup
endgroup
save_design
exit
stop_gui
INFO: [PlanAhead-261] Exiting PlanAhead...
INFO: [Common-83] Releasing license: PlanAhead
