Release 13.4 - xst O.87xd (lin64)
Copyright (c) 1995-2011 Xilinx, Inc.  All rights reserved.
--> 
Parameter TMPDIR set to xst/projnav.tmp


Total REAL time to Xst completion: 0.00 secs
Total CPU time to Xst completion: 0.08 secs
 
--> 
Parameter xsthdpdir set to xst


Total REAL time to Xst completion: 0.00 secs
Total CPU time to Xst completion: 0.08 secs
 
--> 
Reading design: Compteur8bitSynchrone.prj

TABLE OF CONTENTS
  1) Synthesis Options Summary
  2) HDL Parsing
  3) HDL Elaboration
  4) HDL Synthesis
       4.1) HDL Synthesis Report
  5) Advanced HDL Synthesis
       5.1) Advanced HDL Synthesis Report
  6) Low Level Synthesis
  7) Partition Report
  8) Design Summary
       8.1) Primitive and Black Box Usage
       8.2) Device utilization summary
       8.3) Partition Resource Summary
       8.4) Timing Report
            8.4.1) Clock Information
            8.4.2) Asynchronous Control Signals Information
            8.4.3) Timing Summary
            8.4.4) Timing Details
            8.4.5) Cross Clock Domains Report


=========================================================================
*                      Synthesis Options Summary                        *
=========================================================================
---- Source Parameters
Input File Name                    : "Compteur8bitSynchrone.prj"
Ignore Synthesis Constraint File   : NO

---- Target Parameters
Output File Name                   : "Compteur8bitSynchrone"
Output Format                      : NGC
Target Device                      : xc6slx16-3-csg324

---- Source Options
Top Module Name                    : Compteur8bitSynchrone
Automatic FSM Extraction           : YES
FSM Encoding Algorithm             : Auto
Safe Implementation                : No
FSM Style                          : LUT
RAM Extraction                     : Yes
RAM Style                          : Auto
ROM Extraction                     : Yes
Shift Register Extraction          : YES
ROM Style                          : Auto
Resource Sharing                   : YES
Asynchronous To Synchronous        : NO
Shift Register Minimum Size        : 2
Use DSP Block                      : Auto
Automatic Register Balancing       : No

---- Target Options
LUT Combining                      : Auto
Reduce Control Sets                : Auto
Add IO Buffers                     : YES
Global Maximum Fanout              : 100000
Add Generic Clock Buffer(BUFG)     : 16
Register Duplication               : YES
Optimize Instantiated Primitives   : NO
Use Clock Enable                   : Auto
Use Synchronous Set                : Auto
Use Synchronous Reset              : Auto
Pack IO Registers into IOBs        : Auto
Equivalent register Removal        : YES

---- General Options
Optimization Goal                  : Speed
Optimization Effort                : 1
Power Reduction                    : NO
Keep Hierarchy                     : No
Netlist Hierarchy                  : As_Optimized
RTL Output                         : Yes
Global Optimization                : AllClockNets
Read Cores                         : YES
Write Timing Constraints           : NO
Cross Clock Analysis               : NO
Hierarchy Separator                : /
Bus Delimiter                      : <>
Case Specifier                     : Maintain
Slice Utilization Ratio            : 100
BRAM Utilization Ratio             : 100
DSP48 Utilization Ratio            : 100
Auto BRAM Packing                  : NO
Slice Utilization Ratio Delta      : 5

=========================================================================

INFO:Xst - Part-select index evaluated to out of bound value may lead to incorrect synthesis results; it is recommended not to use them in RTL

=========================================================================
*                          HDL Parsing                                  *
=========================================================================
Parsing VHDL file "/home/arens/Documents/TDMSC/TD1 VHDL/Compteur8bitSynchrone.vhd" into library work
Parsing entity <Compteur8bitSynchrone>.
Parsing architecture <Behavioral> of entity <compteur8bitsynchrone>.

=========================================================================
*                            HDL Elaboration                            *
=========================================================================

Elaborating entity <Compteur8bitSynchrone> (architecture <Behavioral>) with generics from library <work>.

=========================================================================
*                           HDL Synthesis                               *
=========================================================================

Synthesizing Unit <Compteur8bitSynchrone>.
    Related source file is "/home/arens/Documents/TDMSC/TD1 VHDL/Compteur8bitSynchrone.vhd".
        N = 8
    Found 8-bit register for signal <Dout>.
    Found 8-bit adder for signal <D[7]_GND_5_o_add_1_OUT> created at line 57.
    Found 8-bit subtractor for signal <GND_5_o_GND_5_o_sub_3_OUT<7:0>> created at line 58.
    Summary:
	inferred   1 Adder/Subtractor(s).
	inferred   8 D-type flip-flop(s).
	inferred   1 Multiplexer(s).
Unit <Compteur8bitSynchrone> synthesized.

=========================================================================
HDL Synthesis Report

Macro Statistics
# Adders/Subtractors                                   : 1
 8-bit addsub                                          : 1
# Registers                                            : 1
 8-bit register                                        : 1
# Multiplexers                                         : 1
 8-bit 2-to-1 multiplexer                              : 1

=========================================================================

=========================================================================
*                       Advanced HDL Synthesis                          *
=========================================================================


Synthesizing (advanced) Unit <Compteur8bitSynchrone>.
The following registers are absorbed into counter <D>: 1 register on signal <D>.
Unit <Compteur8bitSynchrone> synthesized (advanced).

=========================================================================
Advanced HDL Synthesis Report

Macro Statistics
# Counters                                             : 1
 8-bit updown counter                                  : 1

=========================================================================

=========================================================================
*                         Low Level Synthesis                           *
=========================================================================

Optimizing unit <Compteur8bitSynchrone> ...

Mapping all equations...
Building and optimizing final netlist ...
Found area constraint ratio of 100 (+ 5) on block Compteur8bitSynchrone, actual ratio is 0.

Final Macro Processing ...

=========================================================================
Final Register Report

Macro Statistics
# Registers                                            : 8
 Flip-Flops                                            : 8

=========================================================================

=========================================================================
*                           Partition Report                            *
=========================================================================

Partition Implementation Status
-------------------------------

  No Partitions were found in this design.

-------------------------------

=========================================================================
*                            Design Summary                             *
=========================================================================

Top Level Output File Name         : Compteur8bitSynchrone.ngc

Primitive and Black Box Usage:
------------------------------
# BELS                             : 34
#      INV                         : 2
#      LUT2                        : 1
#      LUT3                        : 1
#      LUT5                        : 8
#      MULT_AND                    : 7
#      MUXCY                       : 7
#      XORCY                       : 8
# FlipFlops/Latches                : 8
#      FDRE                        : 8
# Clock Buffers                    : 1
#      BUFGP                       : 1
# IO Buffers                       : 20
#      IBUF                        : 12
#      OBUF                        : 8

Device utilization summary:
---------------------------

Selected Device : 6slx16csg324-3 


Slice Logic Utilization: 
 Number of Slice Registers:               8  out of  18224     0%  
 Number of Slice LUTs:                   12  out of   9112     0%  
    Number used as Logic:                12  out of   9112     0%  

Slice Logic Distribution: 
 Number of LUT Flip Flop pairs used:     12
   Number with an unused Flip Flop:       4  out of     12    33%  
   Number with an unused LUT:             0  out of     12     0%  
   Number of fully used LUT-FF pairs:     8  out of     12    66%  
   Number of unique control sets:         1

IO Utilization: 
 Number of IOs:                          21
 Number of bonded IOBs:                  21  out of    232     9%  

Specific Feature Utilization:
 Number of BUFG/BUFGCTRLs:                1  out of     16     6%  

---------------------------
Partition Resource Summary:
---------------------------

  No Partitions were found in this design.

---------------------------


=========================================================================
Timing Report

NOTE: THESE TIMING NUMBERS ARE ONLY A SYNTHESIS ESTIMATE.
      FOR ACCURATE TIMING INFORMATION PLEASE REFER TO THE TRACE REPORT
      GENERATED AFTER PLACE-and-ROUTE.

Clock Information:
------------------
-----------------------------------+------------------------+-------+
Clock Signal                       | Clock buffer(FF name)  | Load  |
-----------------------------------+------------------------+-------+
CK                                 | BUFGP                  | 8     |
-----------------------------------+------------------------+-------+

Asynchronous Control Signals Information:
----------------------------------------
No asynchronous control signals found in this design

Timing Summary:
---------------
Speed Grade: -3

   Minimum period: 1.837ns (Maximum Frequency: 544.292MHz)
   Minimum input arrival time before clock: 3.756ns
   Maximum output required time after clock: 3.634ns
   Maximum combinational path delay: No path found

Timing Details:
---------------
All values displayed in nanoseconds (ns)

=========================================================================
Timing constraint: Default period analysis for Clock 'CK'
  Clock period: 1.837ns (frequency: 544.292MHz)
  Total number of paths / destination ports: 64 / 8
-------------------------------------------------------------------------
Delay:               1.837ns (Levels of Logic = 9)
  Source:            D_0 (FF)
  Destination:       D_7 (FF)
  Source Clock:      CK rising
  Destination Clock: CK rising

  Data Path: D_0 to D_7
                                Gate     Net
    Cell:in->out      fanout   Delay   Delay  Logical Name (Net Name)
    ----------------------------------------  ------------
     FDRE:C->Q             2   0.447   0.617  D_0 (D_0)
     LUT5:I4->O            1   0.205   0.000  Mcount_D_lut<0> (Mcount_D_lut<0>)
     MUXCY:S->O            1   0.172   0.000  Mcount_D_cy<0> (Mcount_D_cy<0>)
     MUXCY:CI->O           1   0.019   0.000  Mcount_D_cy<1> (Mcount_D_cy<1>)
     MUXCY:CI->O           1   0.019   0.000  Mcount_D_cy<2> (Mcount_D_cy<2>)
     MUXCY:CI->O           1   0.019   0.000  Mcount_D_cy<3> (Mcount_D_cy<3>)
     MUXCY:CI->O           1   0.019   0.000  Mcount_D_cy<4> (Mcount_D_cy<4>)
     MUXCY:CI->O           1   0.019   0.000  Mcount_D_cy<5> (Mcount_D_cy<5>)
     MUXCY:CI->O           0   0.019   0.000  Mcount_D_cy<6> (Mcount_D_cy<6>)
     XORCY:CI->O           1   0.180   0.000  Mcount_D_xor<7> (Mcount_D8)
     FDRE:D                    0.102          D_7
    ----------------------------------------
    Total                      1.837ns (1.220ns logic, 0.617ns route)
                                       (66.4% logic, 33.6% route)

=========================================================================
Timing constraint: Default OFFSET IN BEFORE for Clock 'CK'
  Total number of paths / destination ports: 220 / 24
-------------------------------------------------------------------------
Offset:              3.756ns (Levels of Logic = 11)
  Source:            LOAD (PAD)
  Destination:       D_7 (FF)
  Destination Clock: CK rising

  Data Path: LOAD to D_7
                                Gate     Net
    Cell:in->out      fanout   Delay   Delay  Logical Name (Net Name)
    ----------------------------------------  ------------
     IBUF:I->O             3   1.222   0.650  LOAD_IBUF (LOAD_IBUF)
     INV:I->O              8   0.206   0.907  LOAD_inv1_INV_0 (LOAD_inv)
     LUT5:I3->O            1   0.203   0.000  Mcount_D_lut<0> (Mcount_D_lut<0>)
     MUXCY:S->O            1   0.172   0.000  Mcount_D_cy<0> (Mcount_D_cy<0>)
     MUXCY:CI->O           1   0.019   0.000  Mcount_D_cy<1> (Mcount_D_cy<1>)
     MUXCY:CI->O           1   0.019   0.000  Mcount_D_cy<2> (Mcount_D_cy<2>)
     MUXCY:CI->O           1   0.019   0.000  Mcount_D_cy<3> (Mcount_D_cy<3>)
     MUXCY:CI->O           1   0.019   0.000  Mcount_D_cy<4> (Mcount_D_cy<4>)
     MUXCY:CI->O           1   0.019   0.000  Mcount_D_cy<5> (Mcount_D_cy<5>)
     MUXCY:CI->O           0   0.019   0.000  Mcount_D_cy<6> (Mcount_D_cy<6>)
     XORCY:CI->O           1   0.180   0.000  Mcount_D_xor<7> (Mcount_D8)
     FDRE:D                    0.102          D_7
    ----------------------------------------
    Total                      3.756ns (2.199ns logic, 1.557ns route)
                                       (58.5% logic, 41.5% route)

=========================================================================
Timing constraint: Default OFFSET OUT AFTER for Clock 'CK'
  Total number of paths / destination ports: 8 / 8
-------------------------------------------------------------------------
Offset:              3.634ns (Levels of Logic = 1)
  Source:            D_7 (FF)
  Destination:       Dout<7> (PAD)
  Source Clock:      CK rising

  Data Path: D_7 to Dout<7>
                                Gate     Net
    Cell:in->out      fanout   Delay   Delay  Logical Name (Net Name)
    ----------------------------------------  ------------
     FDRE:C->Q             2   0.447   0.616  D_7 (D_7)
     OBUF:I->O                 2.571          Dout_7_OBUF (Dout<7>)
    ----------------------------------------
    Total                      3.634ns (3.018ns logic, 0.616ns route)
                                       (83.0% logic, 17.0% route)

=========================================================================

Cross Clock Domains Report:
--------------------------

Clock to Setup on destination clock CK
---------------+---------+---------+---------+---------+
               | Src:Rise| Src:Fall| Src:Rise| Src:Fall|
Source Clock   |Dest:Rise|Dest:Rise|Dest:Fall|Dest:Fall|
---------------+---------+---------+---------+---------+
CK             |    1.837|         |         |         |
---------------+---------+---------+---------+---------+

=========================================================================


Total REAL time to Xst completion: 7.00 secs
Total CPU time to Xst completion: 4.83 secs
 
--> 


Total memory usage is 387120 kilobytes

Number of errors   :    0 (   0 filtered)
Number of warnings :    0 (   0 filtered)
Number of infos    :    1 (   0 filtered)

