Release 13.4 - ngc2edif O.87xd (lin64)
Copyright (c) 1995-2011 Xilinx, Inc.  All rights reserved.
Reading design Compteur8bitSynchrone.ngc ...
WARNING:NetListWriters:298 - No output is written to Compteur8bitSynchrone.xncf,
   ignored.
Processing design ...
   Preping design's networks ...
   Preping design's macros ...
  finished :Prep
Writing EDIF netlist file Compteur8bitSynchrone.edif ...
ngc2edif: Total memory usage is 103276 kilobytes

Release 13.4 - ngc2edif O.87xd (lin64)
Copyright (c) 1995-2011 Xilinx, Inc.  All rights reserved.
Reading design Compteur8bitSynchrone.ngc ...
WARNING:NetListWriters:298 - No output is written to Compteur8bitSynchrone.xncf,
   ignored.
Processing design ...
   Preping design's networks ...
   Preping design's macros ...
  finished :Prep
Writing EDIF netlist file Compteur8bitSynchrone.edif ...
ngc2edif: Total memory usage is 103276 kilobytes

